{"logTime": "0508/033249", "correlationVector":"Mx76YjCol7smI55AL2l7sS.1","action":"SyncServerConnectionManagerRequest", "result":"SYNC_SERVER_OK", "context":{"environment":"Prod_southeastasia_prod-s01-064-apac-southeastasia", "migrationStage":"NotStarted", "server":"akswtt00000000s"}}
{"logTime": "0508/033249", "correlationVector":"Mx76YjCol7smI55AL2l7sS.2","action":"ProcessGetUpdates", "result":"Done", "context":{"dataType":"Encryption Keys", "deleted":"0", "process_failed_to_decrypt":"0", "process_pending_decryption":"0", "process_success":"1", "total":"1"}}
{"logTime": "0508/033250", "correlationVector":"NDV+Gvl3zQliGLC4c4W/JO","action":"SyncServerConnectionManagerRequest", "result":"SYNC_SERVER_OK", "context":{"environment":"", "migrationStage":"", "server":""}}
{"logTime": "0508/033250", "correlationVector":"NDV+Gvl3zQliGLC4c4W/JO.0","action":"EncryptionKeysFetcher.DownloadKeys:", "result":"Success", "context":Key count: 6, Last key timestamp: 2025-12-19T10:32:41Z}
{"logTime": "0508/033250", "correlationVector":"NDV+Gvl3zQliGLC4c4W/JO.1","action":"EncryptionKeysManager::SetEncryptionKeys:", "result":"Success", "context":Key names[6]:[+9XCdmuLNZCKRkoCHpQM2US1Hl4VaajCXsH+ixjzaEvG2ojsV8pucoyPMTfzEkHP3pIHWtCGIjSZ26TFaOwFjA==][6YVmMK+fgKlrKt++BWg3N4031nIyd9FInYYjI7NWQki7sqguVTHKcjQCWYxiwzyosClpplBGosrHTgwfwJwyfw==][2fvF4O1QhOoZfh8mlbNYP9ZS6LUUkrjN77NXUQmz8Rn0zHF4rRFZ0rHz1yl+Eb8F6yPQeh2z0CrJUz/wQH3QuQ==][gA/MlfM/sP+rh8TiwqgBrjCPfznqRXqUSW++cIp30x03xH/7p2h95vgN3Iu4SNmKiG+LPPQOTR0tTl1F+5pDwA==][rEECKNEn3uGffLzjduKCxlYiauHloZ+qC63NDsDG+woClkM7bHD6vQwmvVjjsEzoQEDfhh4PMQHmBv8v0AP/xw==][RJnGBpIMcf9I9mWAqOKxNo8RRVBqs+Upp/wz7lVcZTE/HXQHk/HEY1W1IFExuHeFvY2jxk4dKJIE2apL0L7KxA==]}
{"logTime": "0508/033250", "correlationVector":"NDV+Gvl3zQliGLC4c4W/JO.2","action":"EncryptionKeysManager::SetEncryptionKeysWithTimestamps:", "result":"Success", "context":Key timestamps[6]:[2023-06-23T12:59:43Z][2023-12-26T11:36:24Z][2024-06-24T08:02:04Z][2024-12-22T06:06:17Z][2025-06-21T02:33:56Z][2025-12-19T10:32:41Z]}
{"logTime": "0508/033250", "correlationVector":"Mx76YjCol7smI55AL2l7sS","action":"Initial GetUpdates", "result":"", "context":Reason: NEW_CLIENT. cV=Mx76YjCol7smI55AL2l7sS}
{"logTime": "0508/033250", "correlationVector":"Mx76YjCol7smI55AL2l7sS.3","action":"GetUpdates Response", "result":"Success", "context":Received 1 update(s). cV=Mx76YjCol7smI55AL2l7sS.0;server=akswtt00000000s;cloudType=Consumer;environment=Prod_southeastasia_prod-s01-064-apac-southeastasia;migrationStage=NotStarted}
{"logTime": "0508/033250", "correlationVector":"V9JcyeeSioXZ73jyDFskie","action":"Initial GetUpdates", "result":"", "context":Reason: NEWLY_SUPPORTED_DATATYPE. cV=V9JcyeeSioXZ73jyDFskie}
{"logTime": "0508/033251", "correlationVector":"V9JcyeeSioXZ73jyDFskie.1","action":"SyncServerConnectionManagerRequest", "result":"SYNC_SERVER_OK", "context":{"environment":"Prod_southeastasia_prod-s01-064-apac-southeastasia", "migrationStage":"NotStarted", "server":"akswtt00000000k"}}
{"logTime": "0508/033251", "correlationVector":"V9JcyeeSioXZ73jyDFskie.2","action":"ProcessGetUpdates", "result":"Done", "context":{"dataType":"Preferences", "deleted":"0", "process_failed_to_decrypt":"0", "process_pending_decryption":"0", "process_success":"73", "total":"73"}}
{"logTime": "0508/033251", "correlationVector":"V9JcyeeSioXZ73jyDFskie.3","action":"ProcessGetUpdates", "result":"Done", "context":{"dataType":"Passwords", "deleted":"0", "process_failed_to_decrypt":"0", "process_pending_decryption":"0", "process_success":"3", "total":"3"}}
{"logTime": "0508/033251", "correlationVector":"V9JcyeeSioXZ73jyDFskie.4","action":"ProcessGetUpdates", "result":"Done", "context":{"dataType":"Device Info", "deleted":"0", "process_failed_to_decrypt":"0", "process_pending_decryption":"0", "process_success":"8", "total":"8"}}
{"logTime": "0508/033251", "correlationVector":"V9JcyeeSioXZ73jyDFskie.5","action":"GetUpdates Response", "result":"Success", "context":Received 84 update(s). cV=V9JcyeeSioXZ73jyDFskie.0;server=akswtt00000000k;cloudType=Consumer;environment=Prod_southeastasia_prod-s01-064-apac-southeastasia;migrationStage=NotStarted}
{"logTime": "0508/033251", "correlationVector":"4mTokQlQ2VXDqyk8Ab474d","action":"Initial GetUpdates", "result":"", "context":Reason: NEWLY_SUPPORTED_DATATYPE. cV=4mTokQlQ2VXDqyk8Ab474d}
{"logTime": "0508/033252", "correlationVector":"4mTokQlQ2VXDqyk8Ab474d.1","action":"SyncServerConnectionManagerRequest", "result":"SYNC_SERVER_OK", "context":{"environment":"Prod_southeastasia_prod-s01-064-apac-southeastasia", "migrationStage":"NotStarted", "server":"akswtt000000007"}}
{"logTime": "0508/033252", "correlationVector":"4mTokQlQ2VXDqyk8Ab474d.2","action":"ProcessGetUpdates", "result":"Done", "context":{"dataType":"Bookmarks", "deleted":"6", "process_failed_to_decrypt":"0", "process_pending_decryption":"0", "process_success":"17", "total":"17"}}
{"logTime": "0508/033252", "correlationVector":"4mTokQlQ2VXDqyk8Ab474d.3","action":"GetUpdates Response", "result":"Success", "context":Received 17 update(s). cV=4mTokQlQ2VXDqyk8Ab474d.0;server=akswtt000000007;cloudType=Consumer;environment=Prod_southeastasia_prod-s01-064-apac-southeastasia;migrationStage=NotStarted}
{"logTime": "0508/033252", "correlationVector":"QvSt5YH3zSiFmns9+ABi3v","action":"Initial GetUpdates", "result":"", "context":Reason: NEWLY_SUPPORTED_DATATYPE. cV=QvSt5YH3zSiFmns9+ABi3v}
{"logTime": "0508/033255", "correlationVector":"QvSt5YH3zSiFmns9+ABi3v.1","action":"SyncServerConnectionManagerRequest", "result":"SYNC_SERVER_OK", "context":{"environment":"Prod_southeastasia_prod-s01-064-apac-southeastasia", "migrationStage":"NotStarted", "server":"akswtt00000000m"}}
{"logTime": "0508/033255", "correlationVector":"QvSt5YH3zSiFmns9+ABi3v.2","action":"ProcessGetUpdates", "result":"Done", "context":{"dataType":"Autofill Profiles", "deleted":"0", "process_failed_to_decrypt":"0", "process_pending_decryption":"0", "process_success":"13", "total":"13"}}
{"logTime": "0508/033255", "correlationVector":"QvSt5YH3zSiFmns9+ABi3v.3","action":"ProcessGetUpdates", "result":"Done", "context":{"dataType":"Autofill", "deleted":"0", "process_failed_to_decrypt":"0", "process_pending_decryption":"0", "process_success":"198", "total":"198"}}
{"logTime": "0508/033255", "correlationVector":"QvSt5YH3zSiFmns9+ABi3v.4","action":"ProcessGetUpdates", "result":"Done", "context":{"dataType":"Saved Tab Group", "deleted":"39", "process_failed_to_decrypt":"0", "process_pending_decryption":"0", "process_success":"39", "total":"39"}}
{"logTime": "0508/033255", "correlationVector":"QvSt5YH3zSiFmns9+ABi3v.5","action":"GetUpdates Response", "result":"Success", "context":Received 250 update(s). cV=QvSt5YH3zSiFmns9+ABi3v.0;server=akswtt00000000m;cloudType=Consumer;environment=Prod_southeastasia_prod-s01-064-apac-southeastasia;migrationStage=NotStarted Some updates remain.}
{"logTime": "0508/033255", "correlationVector":"qQiNld61iXnpQlcQYa36KS","action":"Initial GetUpdates", "result":"", "context":Reason: NEWLY_SUPPORTED_DATATYPE. cV=qQiNld61iXnpQlcQYa36KS}
{"logTime": "0508/033259", "correlationVector":"qQiNld61iXnpQlcQYa36KS.1","action":"SyncServerConnectionManagerRequest", "result":"SYNC_SERVER_OK", "context":{"environment":"Prod_southeastasia_prod-s01-064-apac-southeastasia", "migrationStage":"NotStarted", "server":"akswtt00000000i"}}
{"logTime": "0508/033259", "correlationVector":"qQiNld61iXnpQlcQYa36KS.2","action":"ProcessGetUpdates", "result":"Done", "context":{"dataType":"Autofill", "deleted":"0", "process_failed_to_decrypt":"0", "process_pending_decryption":"0", "process_success":"205", "total":"205"}}
{"logTime": "0508/033259", "correlationVector":"qQiNld61iXnpQlcQYa36KS.3","action":"ProcessGetUpdates", "result":"Done", "context":{"dataType":"Sessions", "deleted":"43", "process_failed_to_decrypt":"0", "process_pending_decryption":"0", "process_success":"43", "total":"43"}}
{"logTime": "0508/033259", "correlationVector":"qQiNld61iXnpQlcQYa36KS.4","action":"ProcessGetUpdates", "result":"Done", "context":{"dataType":"Saved Tab Group", "deleted":"1", "process_failed_to_decrypt":"0", "process_pending_decryption":"0", "process_success":"1", "total":"1"}}
{"logTime": "0508/033259", "correlationVector":"qQiNld61iXnpQlcQYa36KS.5","action":"ProcessGetUpdates", "result":"Done", "context":{"dataType":"Edge Hub App Usage", "deleted":"0", "process_failed_to_decrypt":"0", "process_pending_decryption":"0", "process_success":"1", "total":"1"}}
{"logTime": "0508/033259", "correlationVector":"qQiNld61iXnpQlcQYa36KS.6","action":"GetUpdates Response", "result":"Success", "context":Received 250 update(s). cV=qQiNld61iXnpQlcQYa36KS.0;server=akswtt00000000i;cloudType=Consumer;environment=Prod_southeastasia_prod-s01-064-apac-southeastasia;migrationStage=NotStarted Some updates remain.}
{"logTime": "0508/033259", "correlationVector":"XQB3ByohoTUK7PZdZx922G","action":"Initial GetUpdates", "result":"", "context":Reason: NEWLY_SUPPORTED_DATATYPE. cV=XQB3ByohoTUK7PZdZx922G}
{"logTime": "0508/033302", "correlationVector":"XQB3ByohoTUK7PZdZx922G.1","action":"SyncServerConnectionManagerRequest", "result":"SYNC_SERVER_OK", "context":{"environment":"Prod_southeastasia_prod-s01-064-apac-southeastasia", "migrationStage":"NotStarted", "server":"akswtt000000000"}}
{"logTime": "0508/033302", "correlationVector":"XQB3ByohoTUK7PZdZx922G.2","action":"ProcessGetUpdates", "result":"Done", "context":{"dataType":"Autofill", "deleted":"0", "process_failed_to_decrypt":"0", "process_pending_decryption":"0", "process_success":"33", "total":"33"}}
{"logTime": "0508/033302", "correlationVector":"XQB3ByohoTUK7PZdZx922G.3","action":"ProcessGetUpdates", "result":"Done", "context":{"dataType":"Sessions", "deleted":"216", "process_failed_to_decrypt":"0", "process_pending_decryption":"0", "process_success":"216", "total":"216"}}
{"logTime": "0508/033302", "correlationVector":"XQB3ByohoTUK7PZdZx922G.4","action":"ProcessGetUpdates", "result":"Done", "context":{"dataType":"Edge Hub App Usage", "deleted":"1", "process_failed_to_decrypt":"0", "process_pending_decryption":"0", "process_success":"1", "total":"1"}}
{"logTime": "0508/033302", "correlationVector":"XQB3ByohoTUK7PZdZx922G.5","action":"GetUpdates Response", "result":"Success", "context":Received 250 update(s). cV=XQB3ByohoTUK7PZdZx922G.0;server=akswtt000000000;cloudType=Consumer;environment=Prod_southeastasia_prod-s01-064-apac-southeastasia;migrationStage=NotStarted Some updates remain.}
{"logTime": "0508/033302", "correlationVector":"slw52dXTi3SF4cnpT9LF1e","action":"Initial GetUpdates", "result":"", "context":Reason: NEWLY_SUPPORTED_DATATYPE. cV=slw52dXTi3SF4cnpT9LF1e}
{"logTime": "0508/033309", "correlationVector":"slw52dXTi3SF4cnpT9LF1e.1","action":"SyncServerConnectionManagerRequest", "result":"SYNC_SERVER_OK", "context":{"environment":"Prod_southeastasia_prod-s01-064-apac-southeastasia", "migrationStage":"NotStarted", "server":"akswtt00000000d"}}
{"logTime": "0508/033309", "correlationVector":"slw52dXTi3SF4cnpT9LF1e.2","action":"ProcessGetUpdates", "result":"Done", "context":{"dataType":"Autofill", "deleted":"0", "process_failed_to_decrypt":"0", "process_pending_decryption":"0", "process_success":"7", "total":"7"}}
{"logTime": "0508/033309", "correlationVector":"slw52dXTi3SF4cnpT9LF1e.3","action":"ProcessGetUpdates", "result":"Done", "context":{"dataType":"Sessions", "deleted":"233", "process_failed_to_decrypt":"0", "process_pending_decryption":"0", "process_success":"233", "total":"233"}}
{"logTime": "0508/033309", "correlationVector":"slw52dXTi3SF4cnpT9LF1e.4","action":"ProcessGetUpdates", "result":"Done", "context":{"dataType":"Edge Hub App Usage", "deleted":"5", "process_failed_to_decrypt":"0", "process_pending_decryption":"0", "process_success":"10", "total":"10"}}
{"logTime": "0508/033309", "correlationVector":"slw52dXTi3SF4cnpT9LF1e.5","action":"GetUpdates Response", "result":"Success", "context":Received 250 update(s). cV=slw52dXTi3SF4cnpT9LF1e.0;server=akswtt00000000d;cloudType=Consumer;environment=Prod_southeastasia_prod-s01-064-apac-southeastasia;migrationStage=NotStarted Some updates remain.}
{"logTime": "0508/033309", "correlationVector":"7asEdGR9kgCK2ZtXCBZpu7","action":"Initial GetUpdates", "result":"", "context":Reason: NEWLY_SUPPORTED_DATATYPE. cV=7asEdGR9kgCK2ZtXCBZpu7}
{"logTime": "0508/033315", "correlationVector":"7asEdGR9kgCK2ZtXCBZpu7.1","action":"SyncServerConnectionManagerRequest", "result":"SYNC_SERVER_OK", "context":{"environment":"Prod_southeastasia_prod-s01-064-apac-southeastasia", "migrationStage":"NotStarted", "server":"akswtt000000007"}}
{"logTime": "0508/033315", "correlationVector":"7asEdGR9kgCK2ZtXCBZpu7.2","action":"ProcessGetUpdates", "result":"Done", "context":{"dataType":"Autofill Profiles", "deleted":"1", "process_failed_to_decrypt":"0", "process_pending_decryption":"0", "process_success":"1", "total":"1"}}
{"logTime": "0508/033315", "correlationVector":"7asEdGR9kgCK2ZtXCBZpu7.3","action":"ProcessGetUpdates", "result":"Done", "context":{"dataType":"Autofill", "deleted":"0", "process_failed_to_decrypt":"0", "process_pending_decryption":"0", "process_success":"8", "total":"8"}}
{"logTime": "0508/033315", "correlationVector":"7asEdGR9kgCK2ZtXCBZpu7.4","action":"ProcessGetUpdates", "result":"Done", "context":{"dataType":"Sessions", "deleted":"223", "process_failed_to_decrypt":"0", "process_pending_decryption":"0", "process_success":"223", "total":"223"}}
{"logTime": "0508/033315", "correlationVector":"7asEdGR9kgCK2ZtXCBZpu7.5","action":"ProcessGetUpdates", "result":"Done", "context":{"dataType":"Edge Hub App Usage", "deleted":"5", "process_failed_to_decrypt":"0", "process_pending_decryption":"0", "process_success":"18", "total":"18"}}
{"logTime": "0508/033315", "correlationVector":"7asEdGR9kgCK2ZtXCBZpu7.6","action":"GetUpdates Response", "result":"Success", "context":Received 250 update(s). cV=7asEdGR9kgCK2ZtXCBZpu7.0;server=akswtt000000007;cloudType=Consumer;environment=Prod_southeastasia_prod-s01-064-apac-southeastasia;migrationStage=NotStarted Some updates remain.}
{"logTime": "0508/033315", "correlationVector":"VRQl0ZeBDJRLtSpX5XB+0e","action":"Initial GetUpdates", "result":"", "context":Reason: NEWLY_SUPPORTED_DATATYPE. cV=VRQl0ZeBDJRLtSpX5XB+0e}
{"logTime": "0508/033318", "correlationVector":"VRQl0ZeBDJRLtSpX5XB+0e.1","action":"SyncServerConnectionManagerRequest", "result":"SYNC_SERVER_OK", "context":{"environment":"Prod_southeastasia_prod-s01-064-apac-southeastasia", "migrationStage":"NotStarted", "server":"akswtt00000000k"}}
{"logTime": "0508/033318", "correlationVector":"VRQl0ZeBDJRLtSpX5XB+0e.2","action":"ProcessGetUpdates", "result":"Done", "context":{"dataType":"Autofill Profiles", "deleted":"0", "process_failed_to_decrypt":"0", "process_pending_decryption":"0", "process_success":"1", "total":"1"}}
{"logTime": "0508/033318", "correlationVector":"VRQl0ZeBDJRLtSpX5XB+0e.3","action":"ProcessGetUpdates", "result":"Done", "context":{"dataType":"Autofill", "deleted":"0", "process_failed_to_decrypt":"0", "process_pending_decryption":"0", "process_success":"3", "total":"3"}}
{"logTime": "0508/033318", "correlationVector":"VRQl0ZeBDJRLtSpX5XB+0e.4","action":"ProcessGetUpdates", "result":"Done", "context":{"dataType":"Sessions", "deleted":"224", "process_failed_to_decrypt":"0", "process_pending_decryption":"0", "process_success":"224", "total":"224"}}
{"logTime": "0508/033318", "correlationVector":"VRQl0ZeBDJRLtSpX5XB+0e.5","action":"ProcessGetUpdates", "result":"Done", "context":{"dataType":"Edge Hub App Usage", "deleted":"14", "process_failed_to_decrypt":"0", "process_pending_decryption":"0", "process_success":"22", "total":"22"}}
{"logTime": "0508/033318", "correlationVector":"VRQl0ZeBDJRLtSpX5XB+0e.6","action":"GetUpdates Response", "result":"Success", "context":Received 250 update(s). cV=VRQl0ZeBDJRLtSpX5XB+0e.0;server=akswtt00000000k;cloudType=Consumer;environment=Prod_southeastasia_prod-s01-064-apac-southeastasia;migrationStage=NotStarted Some updates remain.}
{"logTime": "0508/033318", "correlationVector":"/2cXCFXR3Tjx3UIj+NDoqk","action":"Initial GetUpdates", "result":"", "context":Reason: NEWLY_SUPPORTED_DATATYPE. cV=/2cXCFXR3Tjx3UIj+NDoqk}
{"logTime": "0508/033321", "correlationVector":"/2cXCFXR3Tjx3UIj+NDoqk.1","action":"SyncServerConnectionManagerRequest", "result":"SYNC_SERVER_OK", "context":{"environment":"Prod_southeastasia_prod-s01-064-apac-southeastasia", "migrationStage":"NotStarted", "server":"akswtt00000000p"}}
{"logTime": "0508/033321", "correlationVector":"/2cXCFXR3Tjx3UIj+NDoqk.2","action":"ProcessGetUpdates", "result":"Done", "context":{"dataType":"Autofill", "deleted":"0", "process_failed_to_decrypt":"0", "process_pending_decryption":"0", "process_success":"58", "total":"58"}}
{"logTime": "0508/033321", "correlationVector":"/2cXCFXR3Tjx3UIj+NDoqk.3","action":"ProcessGetUpdates", "result":"Done", "context":{"dataType":"Sessions", "deleted":"178", "process_failed_to_decrypt":"0", "process_pending_decryption":"0", "process_success":"178", "total":"178"}}
{"logTime": "0508/033321", "correlationVector":"/2cXCFXR3Tjx3UIj+NDoqk.4","action":"ProcessGetUpdates", "result":"Done", "context":{"dataType":"Edge Hub App Usage", "deleted":"9", "process_failed_to_decrypt":"0", "process_pending_decryption":"0", "process_success":"14", "total":"14"}}
{"logTime": "0508/033321", "correlationVector":"/2cXCFXR3Tjx3UIj+NDoqk.5","action":"GetUpdates Response", "result":"Success", "context":Received 250 update(s). cV=/2cXCFXR3Tjx3UIj+NDoqk.0;server=akswtt00000000p;cloudType=Consumer;environment=Prod_southeastasia_prod-s01-064-apac-southeastasia;migrationStage=NotStarted Some updates remain.}
{"logTime": "0508/033321", "correlationVector":"oswlrAf2wIufVQYCjTS7Ch","action":"Initial GetUpdates", "result":"", "context":Reason: NEWLY_SUPPORTED_DATATYPE. cV=oswlrAf2wIufVQYCjTS7Ch}
{"logTime": "0508/033322", "correlationVector":"oswlrAf2wIufVQYCjTS7Ch.1","action":"SyncServerConnectionManagerRequest", "result":"SYNC_SERVER_OK", "context":{"environment":"Prod_southeastasia_prod-s01-064-apac-southeastasia", "migrationStage":"NotStarted", "server":"akswtt00000000s"}}
{"logTime": "0508/033322", "correlationVector":"oswlrAf2wIufVQYCjTS7Ch.2","action":"ProcessGetUpdates", "result":"Done", "context":{"dataType":"Autofill Profiles", "deleted":"1", "process_failed_to_decrypt":"0", "process_pending_decryption":"0", "process_success":"1", "total":"1"}}
{"logTime": "0508/033322", "correlationVector":"oswlrAf2wIufVQYCjTS7Ch.3","action":"ProcessGetUpdates", "result":"Done", "context":{"dataType":"Autofill", "deleted":"0", "process_failed_to_decrypt":"0", "process_pending_decryption":"0", "process_success":"7", "total":"7"}}
{"logTime": "0508/033322", "correlationVector":"oswlrAf2wIufVQYCjTS7Ch.4","action":"ProcessGetUpdates", "result":"Done", "context":{"dataType":"Sessions", "deleted":"232", "process_failed_to_decrypt":"0", "process_pending_decryption":"0", "process_success":"232", "total":"232"}}
{"logTime": "0508/033322", "correlationVector":"oswlrAf2wIufVQYCjTS7Ch.5","action":"ProcessGetUpdates", "result":"Done", "context":{"dataType":"Edge Hub App Usage", "deleted":"10", "process_failed_to_decrypt":"0", "process_pending_decryption":"0", "process_success":"10", "total":"10"}}
{"logTime": "0508/033322", "correlationVector":"oswlrAf2wIufVQYCjTS7Ch.6","action":"GetUpdates Response", "result":"Success", "context":Received 250 update(s). cV=oswlrAf2wIufVQYCjTS7Ch.0;server=akswtt00000000s;cloudType=Consumer;environment=Prod_southeastasia_prod-s01-064-apac-southeastasia;migrationStage=NotStarted Some updates remain.}
{"logTime": "0508/033322", "correlationVector":"m2nqjsnKc6WP6h1yFIN/AD","action":"Initial GetUpdates", "result":"", "context":Reason: NEWLY_SUPPORTED_DATATYPE. cV=m2nqjsnKc6WP6h1yFIN/AD}
{"logTime": "0508/033324", "correlationVector":"m2nqjsnKc6WP6h1yFIN/AD.1","action":"SyncServerConnectionManagerRequest", "result":"SYNC_SERVER_OK", "context":{"environment":"Prod_southeastasia_prod-s01-064-apac-southeastasia", "migrationStage":"NotStarted", "server":"akswtt00000000c"}}
{"logTime": "0508/033324", "correlationVector":"m2nqjsnKc6WP6h1yFIN/AD.2","action":"ProcessGetUpdates", "result":"Done", "context":{"dataType":"Autofill Profiles", "deleted":"2", "process_failed_to_decrypt":"0", "process_pending_decryption":"0", "process_success":"3", "total":"3"}}
{"logTime": "0508/033324", "correlationVector":"m2nqjsnKc6WP6h1yFIN/AD.3","action":"ProcessGetUpdates", "result":"Done", "context":{"dataType":"Autofill", "deleted":"0", "process_failed_to_decrypt":"0", "process_pending_decryption":"0", "process_success":"9", "total":"9"}}
{"logTime": "0508/033324", "correlationVector":"m2nqjsnKc6WP6h1yFIN/AD.4","action":"ProcessGetUpdates", "result":"Done", "context":{"dataType":"Sessions", "deleted":"237", "process_failed_to_decrypt":"0", "process_pending_decryption":"0", "process_success":"237", "total":"237"}}
{"logTime": "0508/033324", "correlationVector":"m2nqjsnKc6WP6h1yFIN/AD.5","action":"ProcessGetUpdates", "result":"Done", "context":{"dataType":"Edge Hub App Usage", "deleted":"0", "process_failed_to_decrypt":"0", "process_pending_decryption":"0", "process_success":"1", "total":"1"}}
{"logTime": "0508/033324", "correlationVector":"m2nqjsnKc6WP6h1yFIN/AD.6","action":"GetUpdates Response", "result":"Success", "context":Received 250 update(s). cV=m2nqjsnKc6WP6h1yFIN/AD.0;server=akswtt00000000c;cloudType=Consumer;environment=Prod_southeastasia_prod-s01-064-apac-southeastasia;migrationStage=NotStarted Some updates remain.}
{"logTime": "0508/033324", "correlationVector":"iV2A4M7f17Mhe5ro5vDI4W","action":"Initial GetUpdates", "result":"", "context":Reason: NEWLY_SUPPORTED_DATATYPE. cV=iV2A4M7f17Mhe5ro5vDI4W}
{"logTime": "0508/033325", "correlationVector":"iV2A4M7f17Mhe5ro5vDI4W.1","action":"SyncServerConnectionManagerRequest", "result":"SYNC_SERVER_OK", "context":{"environment":"Prod_southeastasia_prod-s01-064-apac-southeastasia", "migrationStage":"NotStarted", "server":"akswtt000000002"}}
{"logTime": "0508/033325", "correlationVector":"iV2A4M7f17Mhe5ro5vDI4W.2","action":"ProcessGetUpdates", "result":"Done", "context":{"dataType":"Autofill Profiles", "deleted":"0", "process_failed_to_decrypt":"0", "process_pending_decryption":"0", "process_success":"1", "total":"1"}}
{"logTime": "0508/033325", "correlationVector":"iV2A4M7f17Mhe5ro5vDI4W.3","action":"ProcessGetUpdates", "result":"Done", "context":{"dataType":"Autofill", "deleted":"0", "process_failed_to_decrypt":"0", "process_pending_decryption":"0", "process_success":"10", "total":"10"}}
{"logTime": "0508/033325", "correlationVector":"iV2A4M7f17Mhe5ro5vDI4W.4","action":"ProcessGetUpdates", "result":"Done", "context":{"dataType":"Extensions", "deleted":"0", "process_failed_to_decrypt":"0", "process_pending_decryption":"0", "process_success":"1", "total":"1"}}
{"logTime": "0508/033325", "correlationVector":"iV2A4M7f17Mhe5ro5vDI4W.5","action":"ProcessGetUpdates", "result":"Done", "context":{"dataType":"Sessions", "deleted":"128", "process_failed_to_decrypt":"0", "process_pending_decryption":"0", "process_success":"138", "total":"138"}}
{"logTime": "0508/033325", "correlationVector":"iV2A4M7f17Mhe5ro5vDI4W.6","action":"GetUpdates Response", "result":"Success", "context":Received 150 update(s). cV=iV2A4M7f17Mhe5ro5vDI4W.0;server=akswtt000000002;cloudType=Consumer;environment=Prod_southeastasia_prod-s01-064-apac-southeastasia;migrationStage=NotStarted}
{"logTime": "0508/033325", "correlationVector":"rVO7fdA5uDXV/jr4fQb+DN","action":"Initial GetUpdates", "result":"", "context":Reason: NEWLY_SUPPORTED_DATATYPE. cV=rVO7fdA5uDXV/jr4fQb+DN}
{"logTime": "0508/033326", "correlationVector":"rVO7fdA5uDXV/jr4fQb+DN.1","action":"SyncServerConnectionManagerRequest", "result":"SYNC_SERVER_OK", "context":{"environment":"Prod_southeastasia_prod-s01-064-apac-southeastasia", "migrationStage":"NotStarted", "server":"akswtt00000000r"}}
{"logTime": "0508/033326", "correlationVector":"rVO7fdA5uDXV/jr4fQb+DN.2","action":"ProcessGetUpdates", "result":"Done", "context":{"dataType":"History", "deleted":"0", "process_failed_to_decrypt":"0", "process_pending_decryption":"0", "process_success":"250", "total":"250"}}
{"logTime": "0508/033326", "correlationVector":"rVO7fdA5uDXV/jr4fQb+DN.3","action":"GetUpdates Response", "result":"Success", "context":Received 250 update(s). cV=rVO7fdA5uDXV/jr4fQb+DN.0;server=akswtt00000000r;cloudType=Consumer;environment=Prod_southeastasia_prod-s01-064-apac-southeastasia;migrationStage=NotStarted Some updates remain.}
{"logTime": "0508/033326", "correlationVector":"/M2wBZKekDBAKkyJ02ZTSA","action":"Initial GetUpdates", "result":"", "context":Reason: NEWLY_SUPPORTED_DATATYPE. cV=/M2wBZKekDBAKkyJ02ZTSA}
{"logTime": "0508/033328", "correlationVector":"/M2wBZKekDBAKkyJ02ZTSA.1","action":"SyncServerConnectionManagerRequest", "result":"SYNC_SERVER_OK", "context":{"environment":"Prod_southeastasia_prod-s01-064-apac-southeastasia", "migrationStage":"NotStarted", "server":"akswtt00000000k"}}
{"logTime": "0508/033328", "correlationVector":"/M2wBZKekDBAKkyJ02ZTSA.2","action":"ProcessGetUpdates", "result":"Done", "context":{"dataType":"History", "deleted":"0", "process_failed_to_decrypt":"0", "process_pending_decryption":"0", "process_success":"250", "total":"250"}}
{"logTime": "0508/033328", "correlationVector":"/M2wBZKekDBAKkyJ02ZTSA.3","action":"GetUpdates Response", "result":"Success", "context":Received 250 update(s). cV=/M2wBZKekDBAKkyJ02ZTSA.0;server=akswtt00000000k;cloudType=Consumer;environment=Prod_southeastasia_prod-s01-064-apac-southeastasia;migrationStage=NotStarted Some updates remain.}
{"logTime": "0508/033328", "correlationVector":"1KTOy+eoxp7i4+ys3fLWrm","action":"Initial GetUpdates", "result":"", "context":Reason: NEWLY_SUPPORTED_DATATYPE. cV=1KTOy+eoxp7i4+ys3fLWrm}
{"logTime": "0508/033329", "correlationVector":"1KTOy+eoxp7i4+ys3fLWrm.1","action":"SyncServerConnectionManagerRequest", "result":"SYNC_SERVER_OK", "context":{"environment":"Prod_southeastasia_prod-s01-064-apac-southeastasia", "migrationStage":"NotStarted", "server":"akswtt000000011"}}
{"logTime": "0508/033329", "correlationVector":"1KTOy+eoxp7i4+ys3fLWrm.2","action":"ProcessGetUpdates", "result":"Done", "context":{"dataType":"History", "deleted":"0", "process_failed_to_decrypt":"0", "process_pending_decryption":"0", "process_success":"250", "total":"250"}}
{"logTime": "0508/033329", "correlationVector":"1KTOy+eoxp7i4+ys3fLWrm.3","action":"GetUpdates Response", "result":"Success", "context":Received 250 update(s). cV=1KTOy+eoxp7i4+ys3fLWrm.0;server=akswtt000000011;cloudType=Consumer;environment=Prod_southeastasia_prod-s01-064-apac-southeastasia;migrationStage=NotStarted Some updates remain.}
{"logTime": "0508/033329", "correlationVector":"o6IOYhPJOBMZ0E43SDKFIY","action":"Initial GetUpdates", "result":"", "context":Reason: NEWLY_SUPPORTED_DATATYPE. cV=o6IOYhPJOBMZ0E43SDKFIY}
{"logTime": "0508/033331", "correlationVector":"o6IOYhPJOBMZ0E43SDKFIY.1","action":"SyncServerConnectionManagerRequest", "result":"SYNC_SERVER_OK", "context":{"environment":"Prod_southeastasia_prod-s01-064-apac-southeastasia", "migrationStage":"NotStarted", "server":"akswtt00000000g"}}
{"logTime": "0508/033331", "correlationVector":"o6IOYhPJOBMZ0E43SDKFIY.2","action":"ProcessGetUpdates", "result":"Done", "context":{"dataType":"History", "deleted":"0", "process_failed_to_decrypt":"0", "process_pending_decryption":"0", "process_success":"250", "total":"250"}}
{"logTime": "0508/033331", "correlationVector":"o6IOYhPJOBMZ0E43SDKFIY.3","action":"GetUpdates Response", "result":"Success", "context":Received 250 update(s). cV=o6IOYhPJOBMZ0E43SDKFIY.0;server=akswtt00000000g;cloudType=Consumer;environment=Prod_southeastasia_prod-s01-064-apac-southeastasia;migrationStage=NotStarted Some updates remain.}
{"logTime": "0508/033331", "correlationVector":"8hJlMIOtXgEenXHf5smcIn","action":"Initial GetUpdates", "result":"", "context":Reason: NEWLY_SUPPORTED_DATATYPE. cV=8hJlMIOtXgEenXHf5smcIn}
{"logTime": "0508/033333", "correlationVector":"8hJlMIOtXgEenXHf5smcIn.1","action":"SyncServerConnectionManagerRequest", "result":"SYNC_SERVER_OK", "context":{"environment":"Prod_southeastasia_prod-s01-064-apac-southeastasia", "migrationStage":"NotStarted", "server":"akswtt000000000"}}
{"logTime": "0508/033333", "correlationVector":"8hJlMIOtXgEenXHf5smcIn.2","action":"ProcessGetUpdates", "result":"Done", "context":{"dataType":"History", "deleted":"0", "process_failed_to_decrypt":"0", "process_pending_decryption":"0", "process_success":"250", "total":"250"}}
{"logTime": "0508/033333", "correlationVector":"8hJlMIOtXgEenXHf5smcIn.3","action":"GetUpdates Response", "result":"Success", "context":Received 250 update(s). cV=8hJlMIOtXgEenXHf5smcIn.0;server=akswtt000000000;cloudType=Consumer;environment=Prod_southeastasia_prod-s01-064-apac-southeastasia;migrationStage=NotStarted Some updates remain.}
{"logTime": "0508/033333", "correlationVector":"Do5WwTwMgg/RUj4ZBVlmJi","action":"Initial GetUpdates", "result":"", "context":Reason: NEWLY_SUPPORTED_DATATYPE. cV=Do5WwTwMgg/RUj4ZBVlmJi}
{"logTime": "0508/033335", "correlationVector":"Do5WwTwMgg/RUj4ZBVlmJi.1","action":"SyncServerConnectionManagerRequest", "result":"SYNC_SERVER_OK", "context":{"environment":"Prod_southeastasia_prod-s01-064-apac-southeastasia", "migrationStage":"NotStarted", "server":"akswtt00000000k"}}
{"logTime": "0508/033335", "correlationVector":"Do5WwTwMgg/RUj4ZBVlmJi.2","action":"ProcessGetUpdates", "result":"Done", "context":{"dataType":"History", "deleted":"0", "process_failed_to_decrypt":"0", "process_pending_decryption":"0", "process_success":"250", "total":"250"}}
{"logTime": "0508/033335", "correlationVector":"Do5WwTwMgg/RUj4ZBVlmJi.3","action":"GetUpdates Response", "result":"Success", "context":Received 250 update(s). cV=Do5WwTwMgg/RUj4ZBVlmJi.0;server=akswtt00000000k;cloudType=Consumer;environment=Prod_southeastasia_prod-s01-064-apac-southeastasia;migrationStage=NotStarted Some updates remain.}
{"logTime": "0508/033335", "correlationVector":"/YR3F6dstq7emWkCbn3NNV","action":"Initial GetUpdates", "result":"", "context":Reason: NEWLY_SUPPORTED_DATATYPE. cV=/YR3F6dstq7emWkCbn3NNV}
{"logTime": "0508/033336", "correlationVector":"/YR3F6dstq7emWkCbn3NNV.1","action":"SyncServerConnectionManagerRequest", "result":"SYNC_SERVER_OK", "context":{"environment":"Prod_southeastasia_prod-s01-064-apac-southeastasia", "migrationStage":"NotStarted", "server":"akswtt000000002"}}
{"logTime": "0508/033336", "correlationVector":"/YR3F6dstq7emWkCbn3NNV.2","action":"ProcessGetUpdates", "result":"Done", "context":{"dataType":"History", "deleted":"0", "process_failed_to_decrypt":"0", "process_pending_decryption":"0", "process_success":"250", "total":"250"}}
{"logTime": "0508/033336", "correlationVector":"/YR3F6dstq7emWkCbn3NNV.3","action":"GetUpdates Response", "result":"Success", "context":Received 250 update(s). cV=/YR3F6dstq7emWkCbn3NNV.0;server=akswtt000000002;cloudType=Consumer;environment=Prod_southeastasia_prod-s01-064-apac-southeastasia;migrationStage=NotStarted Some updates remain.}
{"logTime": "0508/033336", "correlationVector":"u5z0lTiNUAfAaZE/1Ojxth","action":"Initial GetUpdates", "result":"", "context":Reason: NEWLY_SUPPORTED_DATATYPE. cV=u5z0lTiNUAfAaZE/1Ojxth}
{"logTime": "0508/033338", "correlationVector":"u5z0lTiNUAfAaZE/1Ojxth.1","action":"SyncServerConnectionManagerRequest", "result":"SYNC_SERVER_OK", "context":{"environment":"Prod_southeastasia_prod-s01-064-apac-southeastasia", "migrationStage":"NotStarted", "server":"akswtt000000011"}}
{"logTime": "0508/033338", "correlationVector":"u5z0lTiNUAfAaZE/1Ojxth.2","action":"ProcessGetUpdates", "result":"Done", "context":{"dataType":"History", "deleted":"0", "process_failed_to_decrypt":"0", "process_pending_decryption":"0", "process_success":"250", "total":"250"}}
{"logTime": "0508/033338", "correlationVector":"u5z0lTiNUAfAaZE/1Ojxth.3","action":"GetUpdates Response", "result":"Success", "context":Received 250 update(s). cV=u5z0lTiNUAfAaZE/1Ojxth.0;server=akswtt000000011;cloudType=Consumer;environment=Prod_southeastasia_prod-s01-064-apac-southeastasia;migrationStage=NotStarted Some updates remain.}
{"logTime": "0508/033338", "correlationVector":"dkTKDopGr7nwcq5WSAmfhh","action":"Initial GetUpdates", "result":"", "context":Reason: NEWLY_SUPPORTED_DATATYPE. cV=dkTKDopGr7nwcq5WSAmfhh}
{"logTime": "0508/033340", "correlationVector":"dkTKDopGr7nwcq5WSAmfhh.1","action":"SyncServerConnectionManagerRequest", "result":"SYNC_SERVER_OK", "context":{"environment":"Prod_southeastasia_prod-s01-064-apac-southeastasia", "migrationStage":"NotStarted", "server":"akswtt00000000m"}}
{"logTime": "0508/033340", "correlationVector":"dkTKDopGr7nwcq5WSAmfhh.2","action":"ProcessGetUpdates", "result":"Done", "context":{"dataType":"History", "deleted":"0", "process_failed_to_decrypt":"0", "process_pending_decryption":"0", "process_success":"250", "total":"250"}}
{"logTime": "0508/033340", "correlationVector":"dkTKDopGr7nwcq5WSAmfhh.3","action":"GetUpdates Response", "result":"Success", "context":Received 250 update(s). cV=dkTKDopGr7nwcq5WSAmfhh.0;server=akswtt00000000m;cloudType=Consumer;environment=Prod_southeastasia_prod-s01-064-apac-southeastasia;migrationStage=NotStarted Some updates remain.}
{"logTime": "0508/033340", "correlationVector":"kU+fwROuPORvXimRA7V2YC","action":"Initial GetUpdates", "result":"", "context":Reason: NEWLY_SUPPORTED_DATATYPE. cV=kU+fwROuPORvXimRA7V2YC}
{"logTime": "0508/033342", "correlationVector":"kU+fwROuPORvXimRA7V2YC.1","action":"SyncServerConnectionManagerRequest", "result":"SYNC_SERVER_OK", "context":{"environment":"Prod_southeastasia_prod-s01-064-apac-southeastasia", "migrationStage":"NotStarted", "server":"akswtt000000008"}}
{"logTime": "0508/033342", "correlationVector":"kU+fwROuPORvXimRA7V2YC.2","action":"ProcessGetUpdates", "result":"Done", "context":{"dataType":"History", "deleted":"0", "process_failed_to_decrypt":"0", "process_pending_decryption":"0", "process_success":"250", "total":"250"}}
{"logTime": "0508/033342", "correlationVector":"kU+fwROuPORvXimRA7V2YC.3","action":"GetUpdates Response", "result":"Success", "context":Received 250 update(s). cV=kU+fwROuPORvXimRA7V2YC.0;server=akswtt000000008;cloudType=Consumer;environment=Prod_southeastasia_prod-s01-064-apac-southeastasia;migrationStage=NotStarted Some updates remain.}
{"logTime": "0508/033342", "correlationVector":"MxwKabnQpgJtVXSQA3utDd","action":"Initial GetUpdates", "result":"", "context":Reason: NEWLY_SUPPORTED_DATATYPE. cV=MxwKabnQpgJtVXSQA3utDd}
{"logTime": "0508/033346", "correlationVector":"MxwKabnQpgJtVXSQA3utDd.1","action":"SyncServerConnectionManagerRequest", "result":"SYNC_SERVER_OK", "context":{"environment":"Prod_southeastasia_prod-s01-064-apac-southeastasia", "migrationStage":"NotStarted", "server":"akswtt00000000c"}}
{"logTime": "0508/033346", "correlationVector":"MxwKabnQpgJtVXSQA3utDd.2","action":"ProcessGetUpdates", "result":"Done", "context":{"dataType":"History", "deleted":"0", "process_failed_to_decrypt":"0", "process_pending_decryption":"0", "process_success":"250", "total":"250"}}
{"logTime": "0508/033346", "correlationVector":"MxwKabnQpgJtVXSQA3utDd.3","action":"GetUpdates Response", "result":"Success", "context":Received 250 update(s). cV=MxwKabnQpgJtVXSQA3utDd.0;server=akswtt00000000c;cloudType=Consumer;environment=Prod_southeastasia_prod-s01-064-apac-southeastasia;migrationStage=NotStarted Some updates remain.}
{"logTime": "0508/033346", "correlationVector":"5HT9sVjj5W2b43F5VJTJta","action":"Initial GetUpdates", "result":"", "context":Reason: NEWLY_SUPPORTED_DATATYPE. cV=5HT9sVjj5W2b43F5VJTJta}
{"logTime": "0508/033350", "correlationVector":"5HT9sVjj5W2b43F5VJTJta.1","action":"SyncServerConnectionManagerRequest", "result":"SYNC_SERVER_OK", "context":{"environment":"Prod_southeastasia_prod-s01-064-apac-southeastasia", "migrationStage":"NotStarted", "server":"akswtt000000001"}}
{"logTime": "0508/033350", "correlationVector":"5HT9sVjj5W2b43F5VJTJta.2","action":"ProcessGetUpdates", "result":"Done", "context":{"dataType":"History", "deleted":"0", "process_failed_to_decrypt":"0", "process_pending_decryption":"0", "process_success":"250", "total":"250"}}
{"logTime": "0508/033350", "correlationVector":"5HT9sVjj5W2b43F5VJTJta.3","action":"GetUpdates Response", "result":"Success", "context":Received 250 update(s). cV=5HT9sVjj5W2b43F5VJTJta.0;server=akswtt000000001;cloudType=Consumer;environment=Prod_southeastasia_prod-s01-064-apac-southeastasia;migrationStage=NotStarted Some updates remain.}
{"logTime": "0508/033350", "correlationVector":"c+JhsCEwuMMnODSTmCynjV","action":"Initial GetUpdates", "result":"", "context":Reason: NEWLY_SUPPORTED_DATATYPE. cV=c+JhsCEwuMMnODSTmCynjV}
{"logTime": "0508/033353", "correlationVector":"c+JhsCEwuMMnODSTmCynjV.1","action":"SyncServerConnectionManagerRequest", "result":"SYNC_SERVER_OK", "context":{"environment":"Prod_southeastasia_prod-s01-064-apac-southeastasia", "migrationStage":"NotStarted", "server":"akswtt00000000s"}}
{"logTime": "0508/033353", "correlationVector":"c+JhsCEwuMMnODSTmCynjV.2","action":"ProcessGetUpdates", "result":"Done", "context":{"dataType":"History", "deleted":"0", "process_failed_to_decrypt":"0", "process_pending_decryption":"0", "process_success":"250", "total":"250"}}
{"logTime": "0508/033353", "correlationVector":"c+JhsCEwuMMnODSTmCynjV.3","action":"GetUpdates Response", "result":"Success", "context":Received 250 update(s). cV=c+JhsCEwuMMnODSTmCynjV.0;server=akswtt00000000s;cloudType=Consumer;environment=Prod_southeastasia_prod-s01-064-apac-southeastasia;migrationStage=NotStarted Some updates remain.}
{"logTime": "0508/033353", "correlationVector":"JH4rUTwr4o76tEgtE3XNbi","action":"Initial GetUpdates", "result":"", "context":Reason: NEWLY_SUPPORTED_DATATYPE. cV=JH4rUTwr4o76tEgtE3XNbi}
{"logTime": "0508/033355", "correlationVector":"JH4rUTwr4o76tEgtE3XNbi.1","action":"SyncServerConnectionManagerRequest", "result":"SYNC_SERVER_OK", "context":{"environment":"Prod_southeastasia_prod-s01-064-apac-southeastasia", "migrationStage":"NotStarted", "server":"akswtt00000000b"}}
{"logTime": "0508/033355", "correlationVector":"JH4rUTwr4o76tEgtE3XNbi.2","action":"ProcessGetUpdates", "result":"Done", "context":{"dataType":"History", "deleted":"0", "process_failed_to_decrypt":"0", "process_pending_decryption":"0", "process_success":"250", "total":"250"}}
{"logTime": "0508/033355", "correlationVector":"JH4rUTwr4o76tEgtE3XNbi.3","action":"GetUpdates Response", "result":"Success", "context":Received 250 update(s). cV=JH4rUTwr4o76tEgtE3XNbi.0;server=akswtt00000000b;cloudType=Consumer;environment=Prod_southeastasia_prod-s01-064-apac-southeastasia;migrationStage=NotStarted Some updates remain.}
{"logTime": "0508/033355", "correlationVector":"TTvdQcuw+gALSNoLph7qmM","action":"Initial GetUpdates", "result":"", "context":Reason: NEWLY_SUPPORTED_DATATYPE. cV=TTvdQcuw+gALSNoLph7qmM}
{"logTime": "0508/033357", "correlationVector":"TTvdQcuw+gALSNoLph7qmM.1","action":"SyncServerConnectionManagerRequest", "result":"SYNC_SERVER_OK", "context":{"environment":"Prod_southeastasia_prod-s01-064-apac-southeastasia", "migrationStage":"NotStarted", "server":"akswtt000000002"}}
{"logTime": "0508/033357", "correlationVector":"TTvdQcuw+gALSNoLph7qmM.2","action":"ProcessGetUpdates", "result":"Done", "context":{"dataType":"History", "deleted":"0", "process_failed_to_decrypt":"0", "process_pending_decryption":"0", "process_success":"250", "total":"250"}}
{"logTime": "0508/033357", "correlationVector":"TTvdQcuw+gALSNoLph7qmM.3","action":"GetUpdates Response", "result":"Success", "context":Received 250 update(s). cV=TTvdQcuw+gALSNoLph7qmM.0;server=akswtt000000002;cloudType=Consumer;environment=Prod_southeastasia_prod-s01-064-apac-southeastasia;migrationStage=NotStarted Some updates remain.}
{"logTime": "0508/033357", "correlationVector":"3lmVBZt2k/Rn2TnJb6Yj5+","action":"Initial GetUpdates", "result":"", "context":Reason: NEWLY_SUPPORTED_DATATYPE. cV=3lmVBZt2k/Rn2TnJb6Yj5+}
{"logTime": "0508/033358", "correlationVector":"3lmVBZt2k/Rn2TnJb6Yj5+.1","action":"SyncServerConnectionManagerRequest", "result":"SYNC_SERVER_OK", "context":{"environment":"Prod_southeastasia_prod-s01-064-apac-southeastasia", "migrationStage":"NotStarted", "server":"akswtt00000000i"}}
{"logTime": "0508/033358", "correlationVector":"3lmVBZt2k/Rn2TnJb6Yj5+.2","action":"ProcessGetUpdates", "result":"Done", "context":{"dataType":"History", "deleted":"0", "process_failed_to_decrypt":"0", "process_pending_decryption":"0", "process_success":"250", "total":"250"}}
{"logTime": "0508/033358", "correlationVector":"3lmVBZt2k/Rn2TnJb6Yj5+.3","action":"GetUpdates Response", "result":"Success", "context":Received 250 update(s). cV=3lmVBZt2k/Rn2TnJb6Yj5+.0;server=akswtt00000000i;cloudType=Consumer;environment=Prod_southeastasia_prod-s01-064-apac-southeastasia;migrationStage=NotStarted Some updates remain.}
{"logTime": "0508/033358", "correlationVector":"i4Knj4FXjwO+SDzF/LEcfj","action":"Initial GetUpdates", "result":"", "context":Reason: NEWLY_SUPPORTED_DATATYPE. cV=i4Knj4FXjwO+SDzF/LEcfj}
{"logTime": "0508/033359", "correlationVector":"i4Knj4FXjwO+SDzF/LEcfj.1","action":"SyncServerConnectionManagerRequest", "result":"SYNC_SERVER_OK", "context":{"environment":"Prod_southeastasia_prod-s01-064-apac-southeastasia", "migrationStage":"NotStarted", "server":"akswtt00000000e"}}
{"logTime": "0508/033359", "correlationVector":"i4Knj4FXjwO+SDzF/LEcfj.2","action":"ProcessGetUpdates", "result":"Done", "context":{"dataType":"History", "deleted":"0", "process_failed_to_decrypt":"0", "process_pending_decryption":"0", "process_success":"241", "total":"241"}}
{"logTime": "0508/033359", "correlationVector":"i4Knj4FXjwO+SDzF/LEcfj.3","action":"GetUpdates Response", "result":"Success", "context":Received 241 update(s). cV=i4Knj4FXjwO+SDzF/LEcfj.0;server=akswtt00000000e;cloudType=Consumer;environment=Prod_southeastasia_prod-s01-064-apac-southeastasia;migrationStage=NotStarted}
{"logTime": "0508/033359", "correlationVector":"zrwjfp/2WKaazpBpV0lTYU","action":"Normal GetUpdate request", "result":"", "context":cV=zrwjfp/2WKaazpBpV0lTYU
Nudged types: Sessions, Device Info, User Consents
Refresh requested types: Bookmarks, Preferences, Passwords, Autofill Profiles, Autofill, Extensions, Sessions, Extension settings, History Delete Directives, Device Info, User Consents, Send Tab To Self, Web Apps, History, Saved Tab Group, WebAuthn Credentials, Collection, Edge E Drop, Edge Hub App Usage, Edge Wallet, Edge Workspace, Encryption Keys}
{"logTime": "0508/033400", "correlationVector":"zrwjfp/2WKaazpBpV0lTYU.1","action":"SyncServerConnectionManagerRequest", "result":"SYNC_SERVER_OK", "context":{"environment":"Prod_southeastasia_prod-s01-064-apac-southeastasia", "migrationStage":"NotStarted", "server":"akswtt000000003"}}
{"logTime": "0508/033400", "correlationVector":"zrwjfp/2WKaazpBpV0lTYU.2","action":"GetUpdates Response", "result":"Success", "context":Received 0 update(s). cV=zrwjfp/2WKaazpBpV0lTYU.0;server=akswtt000000003;cloudType=Consumer;environment=Prod_southeastasia_prod-s01-064-apac-southeastasia;migrationStage=NotStarted}
{"logTime": "0508/033400", "correlationVector":"tDDS3vWQvpknCSEF2VY9Zw","action":"DoCompareDataConsistency requsted types: ", "result":"Bookmarks, Preferences, Passwords, Extensions, Extension settings, History Delete Directives, Send Tab To Self, Web Apps, History, Saved Tab Group, WebAuthn Credentials, Collection, Edge E Drop, Edge Wallet, Edge Workspace, Encryption Keys"}
{"logTime": "0508/033400", "correlationVector":"tDDS3vWQvpknCSEF2VY9Zw.0","action":"CompareDataConsistency result: ", "result":"Compare result: Encryption Keys is consistent. local entities count is: 1 local entities hash is: 4fm7HGC9U44IwqlebqrOFfbLJqU="}
{"logTime": "0508/033400", "correlationVector":"tDDS3vWQvpknCSEF2VY9Zw.1","action":"CompareDataConsistency result: ", "result":"Compare result: Bookmarks is consistent. local entities count is: 5 local entities hash is: QH/N+e8ZslZzqhpkDf7OiZNAuUk="}
{"logTime": "0508/033400", "correlationVector":"tDDS3vWQvpknCSEF2VY9Zw.2","action":"CompareDataConsistency result: ", "result":"Compare result: Preferences is consistent. local entities count is: 73 local entities hash is: 3IKkwbRPifyJ6P5SiCCPjmmGtKM="}
{"logTime": "0508/033400", "correlationVector":"tDDS3vWQvpknCSEF2VY9Zw.3","action":"CompareDataConsistency result: ", "result":"Compare result: Extensions is consistent. local entities count is: 1 local entities hash is: ZfzLP0TG/qQVk6tPSbSobvvA9WI="}
{"logTime": "0508/033400", "correlationVector":"tDDS3vWQvpknCSEF2VY9Zw.4","action":"CompareDataConsistency result: ", "result":"Compare result: Extension settings is consistent. local entities count is: 0 local entities hash is: "}
{"logTime": "0508/033400", "correlationVector":"tDDS3vWQvpknCSEF2VY9Zw.5","action":"CompareDataConsistency result: ", "result":"Compare result: History Delete Directives is consistent. local entities count is: 0 local entities hash is: "}
{"logTime": "0508/033400", "correlationVector":"tDDS3vWQvpknCSEF2VY9Zw.6","action":"CompareDataConsistency result: ", "result":"Server did not send this Send Tab To Self local entities count is: 0 local entities hash is: "}
{"logTime": "0508/033400", "correlationVector":"tDDS3vWQvpknCSEF2VY9Zw.7","action":"CompareDataConsistency result: ", "result":"Compare result: Web Apps is consistent. local entities count is: 0 local entities hash is: "}
{"logTime": "0508/033400", "correlationVector":"tDDS3vWQvpknCSEF2VY9Zw.8","action":"CompareDataConsistency result: ", "result":"Server did not send this History local entities count is: 0 local entities hash is: "}
{"logTime": "0508/033400", "correlationVector":"tDDS3vWQvpknCSEF2VY9Zw.9","action":"CompareDataConsistency result: ", "result":"Compare result: Saved Tab Group is consistent. local entities count is: 0 local entities hash is: "}
{"logTime": "0508/033400", "correlationVector":"tDDS3vWQvpknCSEF2VY9Zw.10","action":"CompareDataConsistency result: ", "result":"Server did not send this WebAuthn Credentials local entities count is: 0 local entities hash is: "}
{"logTime": "0508/033400", "correlationVector":"tDDS3vWQvpknCSEF2VY9Zw.11","action":"CompareDataConsistency result: ", "result":"Compare result: Collection is consistent. local entities count is: 0 local entities hash is: "}
{"logTime": "0508/033400", "correlationVector":"tDDS3vWQvpknCSEF2VY9Zw.12","action":"CompareDataConsistency result: ", "result":"Compare result: Edge E Drop is consistent. local entities count is: 0 local entities hash is: "}
{"logTime": "0508/033400", "correlationVector":"tDDS3vWQvpknCSEF2VY9Zw.13","action":"CompareDataConsistency result: ", "result":"Compare result: Edge Wallet is consistent. local entities count is: 0 local entities hash is: "}
{"logTime": "0508/033400", "correlationVector":"tDDS3vWQvpknCSEF2VY9Zw.14","action":"CompareDataConsistency result: ", "result":"Server did not send this Edge Workspace local entities count is: 0 local entities hash is: "}
{"logTime": "0508/033400", "correlationVector":"tDDS3vWQvpknCSEF2VY9Zw.15","action":"CompareDataConsistency result: ", "result":"Compare result: Passwords is consistent. local entities count is: 3 local entities hash is: +t0tZy7fuK2D14PEtLfB9j7IWzY="}
{"logTime": "0508/033400", "correlationVector":"30B2n1cBYVBQ7h3RCUnJav","action":"Commit Request", "result":"", "context":Item count: 4
Contributing types: Sessions, Device Info, User Consents}
{"logTime": "0508/033401", "correlationVector":"30B2n1cBYVBQ7h3RCUnJav.1","action":"SyncServerConnectionManagerRequest", "result":"SYNC_SERVER_OK", "context":{"environment":"Prod_southeastasia_prod-s01-064-apac-southeastasia", "migrationStage":"NotStarted", "server":"akswtt000000002"}}
{"logTime": "0508/033401", "correlationVector":"30B2n1cBYVBQ7h3RCUnJav.2","action":"Commit Response", "result":"Success", "context":Result: Success. cV=30B2n1cBYVBQ7h3RCUnJav.0;server=akswtt000000002;cloudType=Consumer;environment=Prod_southeastasia_prod-s01-064-apac-southeastasia;migrationStage=NotStarted}
{"logTime": "0508/033401", "correlationVector":"","action":"DIAGNOSTIC_REQUEST|v1/diagnosticData/Diagnostic.SendCheckResult()|SUCCESS", "result":""}
