[debug] [2026-05-09T16:04:02.581Z] ----------------------------------------------------------------------
[debug] [2026-05-09T16:04:02.585Z] Command:       C:\Program Files\nodejs\node.exe C:\Users\weiyi\AppData\Roaming\npm\node_modules\firebase-tools\lib\bin\firebase.js init
[debug] [2026-05-09T16:04:02.585Z] CLI Version:   15.17.0
[debug] [2026-05-09T16:04:02.585Z] Platform:      win32
[debug] [2026-05-09T16:04:02.586Z] Node Version:  v24.11.1
[debug] [2026-05-09T16:04:02.586Z] Time:          Sun May 10 2026 00:04:02 GMT+0800 (Malaysia Time)
[debug] [2026-05-09T16:04:02.586Z] ----------------------------------------------------------------------
[debug] 
[info] 
     ######## #### ########  ######## ########     ###     ######  ########
     ##        ##  ##     ## ##       ##     ##  ##   ##  ##       ##
     ######    ##  ########  ######   ########  #########  ######  ######
     ##        ##  ##    ##  ##       ##     ## ##     ##       ## ##
     ##       #### ##     ## ######## ########  ##     ##  ######  ########

You're about to initialize a Firebase project in this directory:

  C:\Users\weiyi\ThinkTwice

[info] 
=== Project Setup
[info] 
[info] First, let's associate this project directory with a Firebase project.
[info] You can create multiple project aliases by running firebase use --add, 
[info] 
[debug] [2026-05-09T16:05:29.870Z] > command requires scopes: ["email","openid","https://www.googleapis.com/auth/cloudplatformprojects.readonly","https://www.googleapis.com/auth/firebase","https://www.googleapis.com/auth/cloud-platform"]
[debug] [2026-05-09T16:05:29.871Z] > authorizing via signed-in user (weiiyii1208@gmail.com)
[debug] [2026-05-09T16:05:29.872Z] Checked if tokens are valid: false, expires at: 1776441517357
[debug] [2026-05-09T16:05:29.872Z] Checked if tokens are valid: false, expires at: 1776441517357
[debug] [2026-05-09T16:05:29.873Z] > refreshing access token with scopes: []
[debug] [2026-05-09T16:05:29.875Z] >>> [apiv2][query] POST https://www.googleapis.com/oauth2/v3/token [none]
[debug] [2026-05-09T16:05:29.875Z] >>> [apiv2][body] POST https://www.googleapis.com/oauth2/v3/token [omitted]
[debug] [2026-05-09T16:05:30.063Z] <<< [apiv2][status] POST https://www.googleapis.com/oauth2/v3/token 400
[debug] [2026-05-09T16:05:30.063Z] <<< [apiv2][body] POST https://www.googleapis.com/oauth2/v3/token [omitted]
[debug] [2026-05-09T16:05:30.063Z] >>> [apiv2][query] GET https://firebase.googleapis.com/v1beta1/projects pageSize=100
[debug] [2026-05-09T16:05:30.257Z] <<< [apiv2][status] GET https://firebase.googleapis.com/v1beta1/projects 401
[debug] [2026-05-09T16:05:30.257Z] <<< [apiv2][body] GET https://firebase.googleapis.com/v1beta1/projects [omitted]
[debug] [2026-05-09T16:05:30.257Z] Got a 401 Unauthenticated error for a call that required authentication. Refreshing tokens.
[debug] [2026-05-09T16:05:30.257Z] Checked if tokens are valid: false, expires at: 1776441517357
[debug] [2026-05-09T16:05:30.258Z] Checked if tokens are valid: false, expires at: 1776441517357
[debug] [2026-05-09T16:05:30.258Z] > refreshing access token with scopes: []
[debug] [2026-05-09T16:05:30.258Z] >>> [apiv2][query] POST https://www.googleapis.com/oauth2/v3/token [none]
[debug] [2026-05-09T16:05:30.258Z] >>> [apiv2][body] POST https://www.googleapis.com/oauth2/v3/token [omitted]
[debug] [2026-05-09T16:05:30.311Z] <<< [apiv2][status] POST https://www.googleapis.com/oauth2/v3/token 400
[debug] [2026-05-09T16:05:30.311Z] <<< [apiv2][body] POST https://www.googleapis.com/oauth2/v3/token [omitted]
[debug] [2026-05-09T16:05:30.312Z] Request to https://firebase.googleapis.com/v1beta1/projects?pageSize=100 had HTTP Error: 401, Request had invalid authentication credentials. Expected OAuth 2 access token, login cookie or other valid authentication credential. See https://developers.google.com/identity/sign-in/web/devconsole-project.
[debug] [2026-05-09T16:05:30.313Z] FirebaseError: Request to https://firebase.googleapis.com/v1beta1/projects?pageSize=100 had HTTP Error: 401, Request had invalid authentication credentials. Expected OAuth 2 access token, login cookie or other valid authentication credential. See https://developers.google.com/identity/sign-in/web/devconsole-project.
    at responseToError (C:\Users\weiyi\AppData\Roaming\npm\node_modules\firebase-tools\lib\responseToError.js:53:12)
    at RetryOperation._fn (C:\Users\weiyi\AppData\Roaming\npm\node_modules\firebase-tools\lib\apiv2.js:333:77)
    at process.processTicksAndRejections (node:internal/process/task_queues:103:5)
[error] 
[error] Error: Failed to list Firebase projects. See firebase-debug.log for more info.
